<?xml version="1.0" encoding="UTF-8"?>
<coverage generated="1586356977">
  <project timestamp="1586356977">
    <package name="Mrcnpdlk\Api\UKE\Numeracja">
      <file name="C:\Users\mpudelek\git_private\uke-numeracja-api\src\Api.php">
        <class name="Mrcnpdlk\Api\UKE\Numeracja\Api" namespace="Mrcnpdlk\Api\UKE\Numeracja">
          <metrics complexity="1" methods="1" coveredmethods="0" conditionals="0" coveredconditionals="0" statements="3" coveredstatements="0" elements="4" coveredelements="0"/>
        </class>
        <line num="17" type="method" name="__construct" visibility="public" complexity="1" crap="2" count="0"/>
        <line num="18" type="stmt" count="0"/>
        <line num="19" type="stmt" count="0"/>
        <line num="20" type="stmt" count="0"/>
        <metrics loc="21" ncloc="13" classes="1" methods="1" coveredmethods="0" conditionals="0" coveredconditionals="0" statements="3" coveredstatements="0" elements="4" coveredelements="0"/>
      </file>
      <file name="C:\Users\mpudelek\git_private\uke-numeracja-api\src\Config.php">
        <class name="Mrcnpdlk\Api\UKE\Numeracja\Config" namespace="Mrcnpdlk\Api\UKE\Numeracja">
          <metrics complexity="0" methods="0" coveredmethods="0" conditionals="0" coveredconditionals="0" statements="0" coveredstatements="0" elements="0" coveredelements="0"/>
        </class>
        <metrics loc="14" ncloc="9" classes="0" methods="0" coveredmethods="0" conditionals="0" coveredconditionals="0" statements="0" coveredstatements="0" elements="0" coveredelements="0"/>
      </file>
    </package>
    <metrics files="2" loc="35" ncloc="22" classes="1" methods="1" coveredmethods="0" conditionals="0" coveredconditionals="0" statements="3" coveredstatements="0" elements="4" coveredelements="0"/>
  </project>
</coverage>
